[35m[Appium][39m Welcome to Appium v1.22.3
[35m[Appium][39m Non-default server args:
[35m[Appium][39m   port: 65384
[35m[Appium][39m   loglevel: info
[35m[Appium][39m   tmpDir: C:\Users\MG\AppData\Local\Temp\\Katalon\Appium\Temp1671461043070
[35m[Appium][39m   chromedriverPort: 65385
[35m[Appium][39m Deprecated server args:
[35m[Appium][39m   [31m--chromedriver-port[39m => --default-capabilities
[35m[Appium][39m Default capabilities, which will be added to each request unless overridden by desired capabilities:
[35m[Appium][39m   chromedriverPort: 65385
[35m[Appium][39m Appium REST http interface listener started on 0.0.0.0:65384
[35m[HTTP][39m [37m-->[39m [37mGET[39m [37m/wd/hub/status[39m
[35m[HTTP][39m [90m{}[39m
[35m[HTTP][39m [37m<-- GET /wd/hub/status [39m[32m200[39m [90m4 ms - 68[39m
[35m[HTTP][39m [90m[39m
[35m[HTTP][39m [37m-->[39m [37mGET[39m [37m/wd/hub/status[39m
[35m[HTTP][39m [90m{}[39m
[35m[HTTP][39m [37m<-- GET /wd/hub/status [39m[32m200[39m [90m1 ms - 68[39m
[35m[HTTP][39m [90m[39m
[35m[HTTP][39m [37m-->[39m [37mPOST[39m [37m/wd/hub/session[39m
[35m[HTTP][39m [90m{"desiredCapabilities":{"appActivity":".Settings","appPackage":"com.android.settings","newCommandTimeout":1800,"platformVersion":"13","automationName":"uiautomator2","autoGrantPermissions":true,"platformName":"Android","udid":"emulator-5554","deviceName":"emulator-5554 (sdk_gphone64_x86_64 - Android 13)","platform":"ANDROID","systemPort":8247},"capabilities":{"firstMatch":[{"appium:appActivity":".Settings","appium:appPackage":"com.android.settings","appium:autoGrantPermissions":true,"appium:automationName":"uiautomator2","appium:deviceName":"emulator-5554 (sdk_gphone64_x86_64 - Android 13)","appium:newCommandTimeout":1800,"platform":"ANDROID","platformName":"android","appium:platformVersion":"13","appium:systemPort":8247,"appium:udid":"emulator-5554"}]}}[39m
[35m[BaseDriver][39m The following capabilities are not standard capabilities and should have an extension prefix:
[35m[BaseDriver][39m   platform
[35m[BaseDriver][39m   chromedriverPort
[35m[Appium][39m Appium v1.22.3 creating new AndroidUiautomator2Driver (v1.70.1) session
[35m[BaseDriver][39m The following capabilities were provided, but are not recognized by Appium:
[35m[BaseDriver][39m   platform
[35m[BaseDriver][39m Session created with session id: eee228a3-ed1d-4dd1-acb6-ff46402d393f
[35m[UiAutomator2][39m Starting 'com.android.settings' directly on the device
[35m[ADB][39m Found 1 'build-tools' folders under 'C:\Users\MG\.katalon\tools\android_sdk' (newest first):
[35m[ADB][39m     C:/Users/MG/.katalon/tools/android_sdk/build-tools/29.0.3
[35m[ADB][39m Using 'adb.exe' from 'C:\Users\MG\.katalon\tools\android_sdk\platform-tools\adb.exe'
[35m[AndroidDriver][39m Retrieving device list
[35m[AndroidDriver][39m Using device: emulator-5554
[35m[ADB][39m Using 'adb.exe' from 'C:\Users\MG\.katalon\tools\android_sdk\platform-tools\adb.exe'
[35m[ADB][39m Getting device platform version
[35m[UiAutomator2][39m Relaxing hidden api policy
[35m[AndroidDriver][39m No app sent in, not parsing package/activity
[35m[ADB][39m Using 'apksigner.jar' from 'C:\Users\MG\.katalon\tools\android_sdk\build-tools\29.0.3\lib\apksigner.jar'
[35m[ADB][39m 'C:\Users\MG\AppData\Roaming\npm\node_modules\appium\node_modules\appium-uiautomator2-server\apks\appium-uiautomator2-server-v4.27.0.apk' is signed with the default certificate
[35m[ADB][39m 'C:\Users\MG\AppData\Roaming\npm\node_modules\appium\node_modules\appium-uiautomator2-server\apks\appium-uiautomator2-server-debug-androidTest.apk' is signed with the default certificate
[35m[UiAutomator2][39m Server packages are not going to be (re)installed
[35m[ADB][39m Adding packages ["io.appium.settings","io.appium.uiautomator2.server","io.appium.uiautomator2.server.test"] to Doze whitelist
[35m[UiAutomator2][39m Starting UIAutomator2 server 4.27.0
[35m[UiAutomator2][39m Using UIAutomator2 server from 'C:\Users\MG\AppData\Roaming\npm\node_modules\appium\node_modules\appium-uiautomator2-server\apks\appium-uiautomator2-server-v4.27.0.apk' and test from 'C:\Users\MG\AppData\Roaming\npm\node_modules\appium\node_modules\appium-uiautomator2-server\apks\appium-uiautomator2-server-debug-androidTest.apk'
[35m[UiAutomator2][39m Waiting up to 30000ms for UiAutomator2 to be online...
[35m[WD Proxy][39m socket hang up
[35m[WD Proxy][39m socket hang up
[35m[WD Proxy][39m socket hang up
[35m[WD Proxy][39m Determined the downstream protocol as 'W3C'
[35m[AndroidDriver][39m Screen already unlocked, doing nothing
[35m[UiAutomator2][39m Starting 'com.android.settings/.Settings and waiting for 'com.android.settings/.Settings'
[35m[Appium][39m New AndroidUiautomator2Driver session created successfully, session eee228a3-ed1d-4dd1-acb6-ff46402d393f added to master session list
[35m[HTTP][39m [37m<-- POST /wd/hub/session [39m[32m200[39m [90m8774 ms - 1193[39m
[35m[HTTP][39m [90m[39m
[35m[HTTP][39m [37m-->[39m [37mGET[39m [37m/wd/hub/session/eee228a3-ed1d-4dd1-acb6-ff46402d393f[39m
[35m[HTTP][39m [90m{}[39m
[35m[HTTP][39m [37m<-- GET /wd/hub/session/eee228a3-ed1d-4dd1-acb6-ff46402d393f [39m[32m200[39m [90m51 ms - 1147[39m
[35m[HTTP][39m [90m[39m
[35m[HTTP][39m [37m-->[39m [37mGET[39m [37m/wd/hub/session/eee228a3-ed1d-4dd1-acb6-ff46402d393f[39m
[35m[HTTP][39m [90m{}[39m
[35m[HTTP][39m [37m<-- GET /wd/hub/session/eee228a3-ed1d-4dd1-acb6-ff46402d393f [39m[32m200[39m [90m26 ms - 1147[39m
[35m[HTTP][39m [90m[39m
[35m[HTTP][39m [37m-->[39m [37mGET[39m [37m/wd/hub/status[39m
[35m[HTTP][39m [90m{}[39m
[35m[HTTP][39m [37m<-- GET /wd/hub/status [39m[32m200[39m [90m1 ms - 68[39m
[35m[HTTP][39m [90m[39m
[35m[HTTP][39m [37m-->[39m [37mPOST[39m [37m/wd/hub/session/eee228a3-ed1d-4dd1-acb6-ff46402d393f/timeouts[39m
[35m[HTTP][39m [90m{"implicit":60000}[39m
[35m[HTTP][39m [37m<-- POST /wd/hub/session/eee228a3-ed1d-4dd1-acb6-ff46402d393f/timeouts [39m[32m200[39m [90m3 ms - 14[39m
[35m[HTTP][39m [90m[39m
[35m[HTTP][39m [37m-->[39m [37mGET[39m [37m/wd/hub/session/eee228a3-ed1d-4dd1-acb6-ff46402d393f/screenshot[39m
[35m[HTTP][39m [90m{}[39m
[35m[HTTP][39m [37m<-- GET /wd/hub/session/eee228a3-ed1d-4dd1-acb6-ff46402d393f/screenshot [39m[32m200[39m [90m723 ms - 216156[39m
[35m[HTTP][39m [90m[39m
[35m[HTTP][39m [37m-->[39m [37mGET[39m [37m/wd/hub/session/eee228a3-ed1d-4dd1-acb6-ff46402d393f/window/rect[39m
[35m[HTTP][39m [90m{}[39m
[35m[HTTP][39m [37m<-- GET /wd/hub/session/eee228a3-ed1d-4dd1-acb6-ff46402d393f/window/rect [39m[32m200[39m [90m17 ms - 50[39m
[35m[HTTP][39m [90m[39m
[35m[HTTP][39m [37m-->[39m [37mGET[39m [37m/wd/hub/session/eee228a3-ed1d-4dd1-acb6-ff46402d393f/appium/device/system_bars[39m
[35m[HTTP][39m [90m{}[39m
[35m[HTTP][39m [37m<-- GET /wd/hub/session/eee228a3-ed1d-4dd1-acb6-ff46402d393f/appium/device/system_bars [39m[32m200[39m [90m104 ms - 145[39m
[35m[HTTP][39m [90m[39m
[35m[HTTP][39m [37m-->[39m [37mPOST[39m [37m/wd/hub/session/eee228a3-ed1d-4dd1-acb6-ff46402d393f/appium/device/activate_app[39m
[35m[HTTP][39m [90m{"bundleId":"com.example.geinterra_apps"}[39m
[35m[HTTP][39m [37m<-- POST /wd/hub/session/eee228a3-ed1d-4dd1-acb6-ff46402d393f/appium/device/activate_app [39m[32m200[39m [90m476 ms - 14[39m
[35m[HTTP][39m [90m[39m
[35m[HTTP][39m [37m-->[39m [37mGET[39m [37m/wd/hub/session/eee228a3-ed1d-4dd1-acb6-ff46402d393f/source[39m
[35m[HTTP][39m [90m{}[39m
[35m[W3C (eee228a3)][39m Driver proxy active, passing request on via HTTP proxy
[35m[WD Proxy][39m Replacing sessionId f41051ae-b011-4d04-9064-f451085f8f70 with eee228a3-ed1d-4dd1-acb6-ff46402d393f
[35m[HTTP][39m [37m<-- GET /wd/hub/session/eee228a3-ed1d-4dd1-acb6-ff46402d393f/source [39m[32m200[39m [90m790 ms - 5610[39m
[35m[HTTP][39m [90m[39m
[35m[HTTP][39m [37m-->[39m [37mGET[39m [37m/wd/hub/session/eee228a3-ed1d-4dd1-acb6-ff46402d393f/screenshot[39m
[35m[HTTP][39m [90m{}[39m
[35m[HTTP][39m [37m<-- GET /wd/hub/session/eee228a3-ed1d-4dd1-acb6-ff46402d393f/screenshot [39m[32m200[39m [90m454 ms - 813976[39m
[35m[HTTP][39m [90m[39m
[35m[HTTP][39m [37m-->[39m [37mPOST[39m [37m/wd/hub/session/eee228a3-ed1d-4dd1-acb6-ff46402d393f/elements[39m
[35m[HTTP][39m [90m{"using":"xpath","value":"//*[@class = 'android.view.View' and @resource-id = '' and (@text = '' or . = '')]"}[39m
[35m[HTTP][39m [37m<-- POST /wd/hub/session/eee228a3-ed1d-4dd1-acb6-ff46402d393f/elements [39m[32m200[39m [90m294 ms - 779[39m
[35m[HTTP][39m [90m[39m
[35m[HTTP][39m [37m-->[39m [37mPOST[39m [37m/wd/hub/session/eee228a3-ed1d-4dd1-acb6-ff46402d393f/elements[39m
[35m[HTTP][39m [90m{"using":"accessibility id","value":"Lanjut"}[39m
[35m[HTTP][39m [37m<-- POST /wd/hub/session/eee228a3-ed1d-4dd1-acb6-ff46402d393f/elements [39m[32m200[39m [90m15 ms - 139[39m
[35m[HTTP][39m [90m[39m
[35m[HTTP][39m [37m-->[39m [37mGET[39m [37m/wd/hub/session/eee228a3-ed1d-4dd1-acb6-ff46402d393f/window/rect[39m
[35m[HTTP][39m [90m{}[39m
[35m[HTTP][39m [37m<-- GET /wd/hub/session/eee228a3-ed1d-4dd1-acb6-ff46402d393f/window/rect [39m[32m200[39m [90m8 ms - 50[39m
[35m[HTTP][39m [90m[39m
[35m[HTTP][39m [37m-->[39m [37mPOST[39m [37m/wd/hub/session/eee228a3-ed1d-4dd1-acb6-ff46402d393f/elements[39m
[35m[HTTP][39m [90m{"using":"accessibility id","value":"Lanjut"}[39m
[35m[HTTP][39m [37m<-- POST /wd/hub/session/eee228a3-ed1d-4dd1-acb6-ff46402d393f/elements [39m[32m200[39m [90m13 ms - 139[39m
[35m[HTTP][39m [90m[39m
[35m[HTTP][39m [37m-->[39m [37mGET[39m [37m/wd/hub/session/eee228a3-ed1d-4dd1-acb6-ff46402d393f/element/00000000-0000-0022-0000-000f00000003/location[39m
[35m[HTTP][39m [90m{}[39m
[35m[W3C (eee228a3)][39m Driver proxy active, passing request on via HTTP proxy
[35m[WD Proxy][39m Replacing sessionId f41051ae-b011-4d04-9064-f451085f8f70 with eee228a3-ed1d-4dd1-acb6-ff46402d393f
[35m[HTTP][39m [37m<-- GET /wd/hub/session/eee228a3-ed1d-4dd1-acb6-ff46402d393f/element/00000000-0000-0022-0000-000f00000003/location [39m[32m200[39m [90m11 ms - 80[39m
[35m[HTTP][39m [90m[39m
[35m[HTTP][39m [37m-->[39m [37mPOST[39m [37m/wd/hub/session/eee228a3-ed1d-4dd1-acb6-ff46402d393f/element/00000000-0000-0022-0000-000f00000003/click[39m
[35m[HTTP][39m [90m{"id":"00000000-0000-0022-0000-000f00000003"}[39m
[35m[HTTP][39m [37m<-- POST /wd/hub/session/eee228a3-ed1d-4dd1-acb6-ff46402d393f/element/00000000-0000-0022-0000-000f00000003/click [39m[32m200[39m [90m68 ms - 14[39m
[35m[HTTP][39m [90m[39m
[35m[HTTP][39m [37m-->[39m [37mGET[39m [37m/wd/hub/session/eee228a3-ed1d-4dd1-acb6-ff46402d393f/source[39m
[35m[HTTP][39m [90m{}[39m
[35m[W3C (eee228a3)][39m Driver proxy active, passing request on via HTTP proxy
[35m[WD Proxy][39m Replacing sessionId f41051ae-b011-4d04-9064-f451085f8f70 with eee228a3-ed1d-4dd1-acb6-ff46402d393f
[35m[HTTP][39m [37m<-- GET /wd/hub/session/eee228a3-ed1d-4dd1-acb6-ff46402d393f/source [39m[32m200[39m [90m449 ms - 5603[39m
[35m[HTTP][39m [90m[39m
[35m[HTTP][39m [37m-->[39m [37mGET[39m [37m/wd/hub/session/eee228a3-ed1d-4dd1-acb6-ff46402d393f/screenshot[39m
[35m[HTTP][39m [90m{}[39m
[35m[HTTP][39m [37m<-- GET /wd/hub/session/eee228a3-ed1d-4dd1-acb6-ff46402d393f/screenshot [39m[32m200[39m [90m402 ms - 928690[39m
[35m[HTTP][39m [90m[39m
[35m[HTTP][39m [37m-->[39m [37mPOST[39m [37m/wd/hub/session/eee228a3-ed1d-4dd1-acb6-ff46402d393f/elements[39m
[35m[HTTP][39m [90m{"using":"xpath","value":"//*[@class = 'android.view.View' and @resource-id = '' and (@text = '' or . = '')]"}[39m
[35m[HTTP][39m [37m<-- POST /wd/hub/session/eee228a3-ed1d-4dd1-acb6-ff46402d393f/elements [39m[32m200[39m [90m34 ms - 779[39m
[35m[HTTP][39m [90m[39m
[35m[HTTP][39m [37m-->[39m [37mPOST[39m [37m/wd/hub/session/eee228a3-ed1d-4dd1-acb6-ff46402d393f/elements[39m
[35m[HTTP][39m [90m{"using":"accessibility id","value":"Lanjut"}[39m
[35m[HTTP][39m [37m<-- POST /wd/hub/session/eee228a3-ed1d-4dd1-acb6-ff46402d393f/elements [39m[32m200[39m [90m20 ms - 139[39m
[35m[HTTP][39m [90m[39m
[35m[HTTP][39m [37m-->[39m [37mGET[39m [37m/wd/hub/session/eee228a3-ed1d-4dd1-acb6-ff46402d393f/window/rect[39m
[35m[HTTP][39m [90m{}[39m
[35m[HTTP][39m [37m<-- GET /wd/hub/session/eee228a3-ed1d-4dd1-acb6-ff46402d393f/window/rect [39m[32m200[39m [90m10 ms - 50[39m
[35m[HTTP][39m [90m[39m
[35m[HTTP][39m [37m-->[39m [37mPOST[39m [37m/wd/hub/session/eee228a3-ed1d-4dd1-acb6-ff46402d393f/elements[39m
[35m[HTTP][39m [90m{"using":"accessibility id","value":"Lanjut"}[39m
[35m[HTTP][39m [37m<-- POST /wd/hub/session/eee228a3-ed1d-4dd1-acb6-ff46402d393f/elements [39m[32m200[39m [90m19 ms - 139[39m
[35m[HTTP][39m [90m[39m
[35m[HTTP][39m [37m-->[39m [37mGET[39m [37m/wd/hub/session/eee228a3-ed1d-4dd1-acb6-ff46402d393f/element/00000000-0000-0022-0000-000f00000003/location[39m
[35m[HTTP][39m [90m{}[39m
[35m[W3C (eee228a3)][39m Driver proxy active, passing request on via HTTP proxy
[35m[WD Proxy][39m Replacing sessionId f41051ae-b011-4d04-9064-f451085f8f70 with eee228a3-ed1d-4dd1-acb6-ff46402d393f
[35m[HTTP][39m [37m<-- GET /wd/hub/session/eee228a3-ed1d-4dd1-acb6-ff46402d393f/element/00000000-0000-0022-0000-000f00000003/location [39m[32m200[39m [90m13 ms - 80[39m
[35m[HTTP][39m [90m[39m
[35m[HTTP][39m [37m-->[39m [37mPOST[39m [37m/wd/hub/session/eee228a3-ed1d-4dd1-acb6-ff46402d393f/element/00000000-0000-0022-0000-000f00000003/click[39m
[35m[HTTP][39m [90m{"id":"00000000-0000-0022-0000-000f00000003"}[39m
[35m[HTTP][39m [37m<-- POST /wd/hub/session/eee228a3-ed1d-4dd1-acb6-ff46402d393f/element/00000000-0000-0022-0000-000f00000003/click [39m[32m200[39m [90m39 ms - 14[39m
[35m[HTTP][39m [90m[39m
[35m[HTTP][39m [37m-->[39m [37mGET[39m [37m/wd/hub/session/eee228a3-ed1d-4dd1-acb6-ff46402d393f/source[39m
[35m[HTTP][39m [90m{}[39m
[35m[W3C (eee228a3)][39m Driver proxy active, passing request on via HTTP proxy
[35m[WD Proxy][39m Replacing sessionId f41051ae-b011-4d04-9064-f451085f8f70 with eee228a3-ed1d-4dd1-acb6-ff46402d393f
[35m[HTTP][39m [37m<-- GET /wd/hub/session/eee228a3-ed1d-4dd1-acb6-ff46402d393f/source [39m[32m200[39m [90m461 ms - 6057[39m
[35m[HTTP][39m [90m[39m
[35m[HTTP][39m [37m-->[39m [37mGET[39m [37m/wd/hub/session/eee228a3-ed1d-4dd1-acb6-ff46402d393f/screenshot[39m
[35m[HTTP][39m [90m{}[39m
[35m[HTTP][39m [37m<-- GET /wd/hub/session/eee228a3-ed1d-4dd1-acb6-ff46402d393f/screenshot [39m[32m200[39m [90m441 ms - 886906[39m
[35m[HTTP][39m [90m[39m
[35m[HTTP][39m [37m-->[39m [37mPOST[39m [37m/wd/hub/session/eee228a3-ed1d-4dd1-acb6-ff46402d393f/elements[39m
[35m[HTTP][39m [90m{"using":"xpath","value":"//*[@class = 'android.widget.Button' and @resource-id = '' and (@text = '' or . = '')]"}[39m
[35m[HTTP][39m [37m<-- POST /wd/hub/session/eee228a3-ed1d-4dd1-acb6-ff46402d393f/elements [39m[32m200[39m [90m38 ms - 139[39m
[35m[HTTP][39m [90m[39m
[35m[HTTP][39m [37m-->[39m [37mGET[39m [37m/wd/hub/session/eee228a3-ed1d-4dd1-acb6-ff46402d393f/window/rect[39m
[35m[HTTP][39m [90m{}[39m
[35m[HTTP][39m [37m<-- GET /wd/hub/session/eee228a3-ed1d-4dd1-acb6-ff46402d393f/window/rect [39m[32m200[39m [90m7 ms - 50[39m
[35m[HTTP][39m [90m[39m
[35m[HTTP][39m [37m-->[39m [37mPOST[39m [37m/wd/hub/session/eee228a3-ed1d-4dd1-acb6-ff46402d393f/elements[39m
[35m[HTTP][39m [90m{"using":"xpath","value":"//*[@class = 'android.widget.Button' and @resource-id = '' and (@text = '' or . = '')]"}[39m
[35m[HTTP][39m [37m<-- POST /wd/hub/session/eee228a3-ed1d-4dd1-acb6-ff46402d393f/elements [39m[32m200[39m [90m36 ms - 139[39m
[35m[HTTP][39m [90m[39m
[35m[HTTP][39m [37m-->[39m [37mGET[39m [37m/wd/hub/session/eee228a3-ed1d-4dd1-acb6-ff46402d393f/element/00000000-0000-0022-0000-001200000003/location[39m
[35m[HTTP][39m [90m{}[39m
[35m[W3C (eee228a3)][39m Driver proxy active, passing request on via HTTP proxy
[35m[WD Proxy][39m Replacing sessionId f41051ae-b011-4d04-9064-f451085f8f70 with eee228a3-ed1d-4dd1-acb6-ff46402d393f
[35m[HTTP][39m [37m<-- GET /wd/hub/session/eee228a3-ed1d-4dd1-acb6-ff46402d393f/element/00000000-0000-0022-0000-001200000003/location [39m[32m200[39m [90m13 ms - 80[39m
[35m[HTTP][39m [90m[39m
[35m[HTTP][39m [37m-->[39m [37mPOST[39m [37m/wd/hub/session/eee228a3-ed1d-4dd1-acb6-ff46402d393f/element/00000000-0000-0022-0000-001200000003/click[39m
[35m[HTTP][39m [90m{"id":"00000000-0000-0022-0000-001200000003"}[39m
[35m[HTTP][39m [37m<-- POST /wd/hub/session/eee228a3-ed1d-4dd1-acb6-ff46402d393f/element/00000000-0000-0022-0000-001200000003/click [39m[32m200[39m [90m848 ms - 14[39m
[35m[HTTP][39m [90m[39m
[35m[HTTP][39m [37m-->[39m [37mGET[39m [37m/wd/hub/session/eee228a3-ed1d-4dd1-acb6-ff46402d393f/source[39m
[35m[HTTP][39m [90m{}[39m
[35m[W3C (eee228a3)][39m Driver proxy active, passing request on via HTTP proxy
[35m[WD Proxy][39m Replacing sessionId f41051ae-b011-4d04-9064-f451085f8f70 with eee228a3-ed1d-4dd1-acb6-ff46402d393f
[35m[HTTP][39m [37m<-- GET /wd/hub/session/eee228a3-ed1d-4dd1-acb6-ff46402d393f/source [39m[32m200[39m [90m28 ms - 9555[39m
[35m[HTTP][39m [90m[39m
[35m[HTTP][39m [37m-->[39m [37mGET[39m [37m/wd/hub/session/eee228a3-ed1d-4dd1-acb6-ff46402d393f/screenshot[39m
[35m[HTTP][39m [90m{}[39m
[35m[HTTP][39m [37m<-- GET /wd/hub/session/eee228a3-ed1d-4dd1-acb6-ff46402d393f/screenshot [39m[32m200[39m [90m378 ms - 616130[39m
[35m[HTTP][39m [90m[39m
[35m[HTTP][39m [37m-->[39m [37mPOST[39m [37m/wd/hub/session/eee228a3-ed1d-4dd1-acb6-ff46402d393f/elements[39m
[35m[HTTP][39m [90m{"using":"xpath","value":"//*[@class = 'android.widget.EditText' and (@text = 'email' or . = 'email') and @resource-id = '']"}[39m
[35m[HTTP][39m [37m<-- POST /wd/hub/session/eee228a3-ed1d-4dd1-acb6-ff46402d393f/elements [39m[32m200[39m [90m36 ms - 139[39m
[35m[HTTP][39m [90m[39m
[35m[HTTP][39m [37m-->[39m [37mGET[39m [37m/wd/hub/session/eee228a3-ed1d-4dd1-acb6-ff46402d393f/window/rect[39m
[35m[HTTP][39m [90m{}[39m
[35m[HTTP][39m [37m<-- GET /wd/hub/session/eee228a3-ed1d-4dd1-acb6-ff46402d393f/window/rect [39m[32m200[39m [90m6 ms - 50[39m
[35m[HTTP][39m [90m[39m
[35m[HTTP][39m [37m-->[39m [37mPOST[39m [37m/wd/hub/session/eee228a3-ed1d-4dd1-acb6-ff46402d393f/elements[39m
[35m[HTTP][39m [90m{"using":"xpath","value":"//*[@class = 'android.widget.EditText' and (@text = 'email' or . = 'email') and @resource-id = '']"}[39m
[35m[HTTP][39m [37m<-- POST /wd/hub/session/eee228a3-ed1d-4dd1-acb6-ff46402d393f/elements [39m[32m200[39m [90m32 ms - 139[39m
[35m[HTTP][39m [90m[39m
[35m[HTTP][39m [37m-->[39m [37mGET[39m [37m/wd/hub/session/eee228a3-ed1d-4dd1-acb6-ff46402d393f/element/00000000-0000-0022-0000-001700000003/location[39m
[35m[HTTP][39m [90m{}[39m
[35m[W3C (eee228a3)][39m Driver proxy active, passing request on via HTTP proxy
[35m[WD Proxy][39m Replacing sessionId f41051ae-b011-4d04-9064-f451085f8f70 with eee228a3-ed1d-4dd1-acb6-ff46402d393f
[35m[HTTP][39m [37m<-- GET /wd/hub/session/eee228a3-ed1d-4dd1-acb6-ff46402d393f/element/00000000-0000-0022-0000-001700000003/location [39m[32m200[39m [90m8 ms - 79[39m
[35m[HTTP][39m [90m[39m
[35m[HTTP][39m [37m-->[39m [37mPOST[39m [37m/wd/hub/session/eee228a3-ed1d-4dd1-acb6-ff46402d393f/element/00000000-0000-0022-0000-001700000003/click[39m
[35m[HTTP][39m [90m{"id":"00000000-0000-0022-0000-001700000003"}[39m
[35m[HTTP][39m [37m<-- POST /wd/hub/session/eee228a3-ed1d-4dd1-acb6-ff46402d393f/element/00000000-0000-0022-0000-001700000003/click [39m[32m200[39m [90m33 ms - 14[39m
[35m[HTTP][39m [90m[39m
[35m[HTTP][39m [37m-->[39m [37mGET[39m [37m/wd/hub/session/eee228a3-ed1d-4dd1-acb6-ff46402d393f/source[39m
[35m[HTTP][39m [90m{}[39m
[35m[W3C (eee228a3)][39m Driver proxy active, passing request on via HTTP proxy
[35m[WD Proxy][39m Replacing sessionId f41051ae-b011-4d04-9064-f451085f8f70 with eee228a3-ed1d-4dd1-acb6-ff46402d393f
[35m[HTTP][39m [37m<-- GET /wd/hub/session/eee228a3-ed1d-4dd1-acb6-ff46402d393f/source [39m[32m200[39m [90m35 ms - 9553[39m
[35m[HTTP][39m [90m[39m
[35m[HTTP][39m [37m-->[39m [37mGET[39m [37m/wd/hub/session/eee228a3-ed1d-4dd1-acb6-ff46402d393f/screenshot[39m
[35m[HTTP][39m [90m{}[39m
[35m[HTTP][39m [37m<-- GET /wd/hub/session/eee228a3-ed1d-4dd1-acb6-ff46402d393f/screenshot [39m[32m200[39m [90m488 ms - 616130[39m
[35m[HTTP][39m [90m[39m
[35m[HTTP][39m [37m-->[39m [37mPOST[39m [37m/wd/hub/session/eee228a3-ed1d-4dd1-acb6-ff46402d393f/elements[39m
[35m[HTTP][39m [90m{"using":"xpath","value":"//*[@class = 'android.widget.EditText' and (@text = 'email' or . = 'email') and @resource-id = '']"}[39m
[35m[HTTP][39m [37m<-- POST /wd/hub/session/eee228a3-ed1d-4dd1-acb6-ff46402d393f/elements [39m[32m200[39m [90m27 ms - 139[39m
[35m[HTTP][39m [90m[39m
[35m[HTTP][39m [37m-->[39m [37mGET[39m [37m/wd/hub/session/eee228a3-ed1d-4dd1-acb6-ff46402d393f/window/rect[39m
[35m[HTTP][39m [90m{}[39m
[35m[HTTP][39m [37m<-- GET /wd/hub/session/eee228a3-ed1d-4dd1-acb6-ff46402d393f/window/rect [39m[32m200[39m [90m7 ms - 50[39m
[35m[HTTP][39m [90m[39m
[35m[HTTP][39m [37m-->[39m [37mPOST[39m [37m/wd/hub/session/eee228a3-ed1d-4dd1-acb6-ff46402d393f/elements[39m
[35m[HTTP][39m [90m{"using":"xpath","value":"//*[@class = 'android.widget.EditText' and (@text = 'email' or . = 'email') and @resource-id = '']"}[39m
[35m[HTTP][39m [37m<-- POST /wd/hub/session/eee228a3-ed1d-4dd1-acb6-ff46402d393f/elements [39m[32m200[39m [90m32 ms - 139[39m
[35m[HTTP][39m [90m[39m
[35m[HTTP][39m [37m-->[39m [37mGET[39m [37m/wd/hub/session/eee228a3-ed1d-4dd1-acb6-ff46402d393f/element/00000000-0000-0022-0000-001700000003/location[39m
[35m[HTTP][39m [90m{}[39m
[35m[W3C (eee228a3)][39m Driver proxy active, passing request on via HTTP proxy
[35m[WD Proxy][39m Replacing sessionId f41051ae-b011-4d04-9064-f451085f8f70 with eee228a3-ed1d-4dd1-acb6-ff46402d393f
[35m[HTTP][39m [37m<-- GET /wd/hub/session/eee228a3-ed1d-4dd1-acb6-ff46402d393f/element/00000000-0000-0022-0000-001700000003/location [39m[32m200[39m [90m10 ms - 79[39m
[35m[HTTP][39m [90m[39m
[35m[HTTP][39m [37m-->[39m [37mPOST[39m [37m/wd/hub/session/eee228a3-ed1d-4dd1-acb6-ff46402d393f/element/00000000-0000-0022-0000-001700000003/clear[39m
[35m[HTTP][39m [90m{"id":"00000000-0000-0022-0000-001700000003"}[39m
[35m[HTTP][39m [37m<-- POST /wd/hub/session/eee228a3-ed1d-4dd1-acb6-ff46402d393f/element/00000000-0000-0022-0000-001700000003/clear [39m[32m200[39m [90m12 ms - 14[39m
[35m[HTTP][39m [90m[39m
[35m[HTTP][39m [37m-->[39m [37mPOST[39m [37m/wd/hub/session/eee228a3-ed1d-4dd1-acb6-ff46402d393f/element/00000000-0000-0022-0000-001700000003/value[39m
[35m[HTTP][39m [90m{"id":"00000000-0000-0022-0000-001700000003","text":"mbahgojol@gmail.com","value":["m","b","a","h","g","o","j","o","l","@","g","m","a","i","l",".","c","o","m"]}[39m
[35m[HTTP][39m [37m<-- POST /wd/hub/session/eee228a3-ed1d-4dd1-acb6-ff46402d393f/element/00000000-0000-0022-0000-001700000003/value [39m[32m200[39m [90m18 ms - 14[39m
[35m[HTTP][39m [90m[39m
[35m[HTTP][39m [37m-->[39m [37mGET[39m [37m/wd/hub/session/eee228a3-ed1d-4dd1-acb6-ff46402d393f/source[39m
[35m[HTTP][39m [90m{}[39m
[35m[W3C (eee228a3)][39m Driver proxy active, passing request on via HTTP proxy
[35m[WD Proxy][39m Replacing sessionId f41051ae-b011-4d04-9064-f451085f8f70 with eee228a3-ed1d-4dd1-acb6-ff46402d393f
[35m[HTTP][39m [37m<-- GET /wd/hub/session/eee228a3-ed1d-4dd1-acb6-ff46402d393f/source [39m[32m200[39m [90m100 ms - 4935[39m
[35m[HTTP][39m [90m[39m
[35m[HTTP][39m [37m-->[39m [37mGET[39m [37m/wd/hub/session/eee228a3-ed1d-4dd1-acb6-ff46402d393f/screenshot[39m
[35m[HTTP][39m [90m{}[39m
[35m[HTTP][39m [37m<-- GET /wd/hub/session/eee228a3-ed1d-4dd1-acb6-ff46402d393f/screenshot [39m[32m200[39m [90m423 ms - 665050[39m
[35m[HTTP][39m [90m[39m
[35m[HTTP][39m [37m-->[39m [37mGET[39m [37m/wd/hub/session/eee228a3-ed1d-4dd1-acb6-ff46402d393f/context[39m
[35m[HTTP][39m [90m{}[39m
[35m[HTTP][39m [37m<-- GET /wd/hub/session/eee228a3-ed1d-4dd1-acb6-ff46402d393f/context [39m[32m200[39m [90m1 ms - 22[39m
[35m[HTTP][39m [90m[39m
[35m[HTTP][39m [37m-->[39m [37mGET[39m [37m/wd/hub/session/eee228a3-ed1d-4dd1-acb6-ff46402d393f/contexts[39m
[35m[HTTP][39m [90m{}[39m
[35m[HTTP][39m [37m<-- GET /wd/hub/session/eee228a3-ed1d-4dd1-acb6-ff46402d393f/contexts [39m[32m200[39m [90m36 ms - 24[39m
[35m[HTTP][39m [90m[39m
[35m[HTTP][39m [37m-->[39m [37mPOST[39m [37m/wd/hub/session/eee228a3-ed1d-4dd1-acb6-ff46402d393f/context[39m
[35m[HTTP][39m [90m{"name":"NATIVE_APP"}[39m
[35m[HTTP][39m [37m<-- POST /wd/hub/session/eee228a3-ed1d-4dd1-acb6-ff46402d393f/context [39m[32m200[39m [90m1 ms - 14[39m
[35m[HTTP][39m [90m[39m
[35m[HTTP][39m [37m-->[39m [37mPOST[39m [37m/wd/hub/session/eee228a3-ed1d-4dd1-acb6-ff46402d393f/appium/device/press_keycode[39m
[35m[HTTP][39m [90m{"keycode":4}[39m
[35m[HTTP][39m [37m<-- POST /wd/hub/session/eee228a3-ed1d-4dd1-acb6-ff46402d393f/appium/device/press_keycode [39m[32m200[39m [90m59 ms - 14[39m
[35m[HTTP][39m [90m[39m
[35m[HTTP][39m [37m-->[39m [37mPOST[39m [37m/wd/hub/session/eee228a3-ed1d-4dd1-acb6-ff46402d393f/context[39m
[35m[HTTP][39m [90m{"name":"NATIVE_APP"}[39m
[35m[HTTP][39m [37m<-- POST /wd/hub/session/eee228a3-ed1d-4dd1-acb6-ff46402d393f/context [39m[32m200[39m [90m1 ms - 14[39m
[35m[HTTP][39m [90m[39m
[35m[HTTP][39m [37m-->[39m [37mGET[39m [37m/wd/hub/session/eee228a3-ed1d-4dd1-acb6-ff46402d393f/source[39m
[35m[HTTP][39m [90m{}[39m
[35m[W3C (eee228a3)][39m Driver proxy active, passing request on via HTTP proxy
[35m[WD Proxy][39m Replacing sessionId f41051ae-b011-4d04-9064-f451085f8f70 with eee228a3-ed1d-4dd1-acb6-ff46402d393f
[35m[HTTP][39m [37m<-- GET /wd/hub/session/eee228a3-ed1d-4dd1-acb6-ff46402d393f/source [39m[32m200[39m [90m691 ms - 9574[39m
[35m[HTTP][39m [90m[39m
[35m[HTTP][39m [37m-->[39m [37mGET[39m [37m/wd/hub/session/eee228a3-ed1d-4dd1-acb6-ff46402d393f/screenshot[39m
[35m[HTTP][39m [90m{}[39m
[35m[HTTP][39m [37m<-- GET /wd/hub/session/eee228a3-ed1d-4dd1-acb6-ff46402d393f/screenshot [39m[32m200[39m [90m474 ms - 629572[39m
[35m[HTTP][39m [90m[39m
[35m[HTTP][39m [37m-->[39m [37mPOST[39m [37m/wd/hub/session/eee228a3-ed1d-4dd1-acb6-ff46402d393f/elements[39m
[35m[HTTP][39m [90m{"using":"xpath","value":"//*[@class = 'android.widget.EditText' and (@text = 'password' or . = 'password') and @resource-id = '']"}[39m
[35m[HTTP][39m [37m<-- POST /wd/hub/session/eee228a3-ed1d-4dd1-acb6-ff46402d393f/elements [39m[32m200[39m [90m40 ms - 139[39m
[35m[HTTP][39m [90m[39m
[35m[HTTP][39m [37m-->[39m [37mGET[39m [37m/wd/hub/session/eee228a3-ed1d-4dd1-acb6-ff46402d393f/window/rect[39m
[35m[HTTP][39m [90m{}[39m
[35m[HTTP][39m [37m<-- GET /wd/hub/session/eee228a3-ed1d-4dd1-acb6-ff46402d393f/window/rect [39m[32m200[39m [90m8 ms - 50[39m
[35m[HTTP][39m [90m[39m
[35m[HTTP][39m [37m-->[39m [37mPOST[39m [37m/wd/hub/session/eee228a3-ed1d-4dd1-acb6-ff46402d393f/elements[39m
[35m[HTTP][39m [90m{"using":"xpath","value":"//*[@class = 'android.widget.EditText' and (@text = 'password' or . = 'password') and @resource-id = '']"}[39m
[35m[HTTP][39m [37m<-- POST /wd/hub/session/eee228a3-ed1d-4dd1-acb6-ff46402d393f/elements [39m[32m200[39m [90m32 ms - 139[39m
[35m[HTTP][39m [90m[39m
[35m[HTTP][39m [37m-->[39m [37mGET[39m [37m/wd/hub/session/eee228a3-ed1d-4dd1-acb6-ff46402d393f/element/00000000-0000-0022-0000-001800000003/location[39m
[35m[HTTP][39m [90m{}[39m
[35m[W3C (eee228a3)][39m Driver proxy active, passing request on via HTTP proxy
[35m[WD Proxy][39m Replacing sessionId f41051ae-b011-4d04-9064-f451085f8f70 with eee228a3-ed1d-4dd1-acb6-ff46402d393f
[35m[HTTP][39m [37m<-- GET /wd/hub/session/eee228a3-ed1d-4dd1-acb6-ff46402d393f/element/00000000-0000-0022-0000-001800000003/location [39m[32m200[39m [90m12 ms - 79[39m
[35m[HTTP][39m [90m[39m
[35m[HTTP][39m [37m-->[39m [37mPOST[39m [37m/wd/hub/session/eee228a3-ed1d-4dd1-acb6-ff46402d393f/element/00000000-0000-0022-0000-001800000003/click[39m
[35m[HTTP][39m [90m{"id":"00000000-0000-0022-0000-001800000003"}[39m
[35m[HTTP][39m [37m<-- POST /wd/hub/session/eee228a3-ed1d-4dd1-acb6-ff46402d393f/element/00000000-0000-0022-0000-001800000003/click [39m[32m200[39m [90m37 ms - 14[39m
[35m[HTTP][39m [90m[39m
[35m[HTTP][39m [37m-->[39m [37mGET[39m [37m/wd/hub/session/eee228a3-ed1d-4dd1-acb6-ff46402d393f/source[39m
[35m[HTTP][39m [90m{}[39m
[35m[W3C (eee228a3)][39m Driver proxy active, passing request on via HTTP proxy
[35m[WD Proxy][39m Replacing sessionId f41051ae-b011-4d04-9064-f451085f8f70 with eee228a3-ed1d-4dd1-acb6-ff46402d393f
[35m[HTTP][39m [37m<-- GET /wd/hub/session/eee228a3-ed1d-4dd1-acb6-ff46402d393f/source [39m[32m200[39m [90m392 ms - 6239[39m
[35m[HTTP][39m [90m[39m
[35m[HTTP][39m [37m-->[39m [37mGET[39m [37m/wd/hub/session/eee228a3-ed1d-4dd1-acb6-ff46402d393f/screenshot[39m
[35m[HTTP][39m [90m{}[39m
[35m[HTTP][39m [37m<-- GET /wd/hub/session/eee228a3-ed1d-4dd1-acb6-ff46402d393f/screenshot [39m[32m200[39m [90m411 ms - 495144[39m
[35m[HTTP][39m [90m[39m
[35m[HTTP][39m [37m-->[39m [37mPOST[39m [37m/wd/hub/session/eee228a3-ed1d-4dd1-acb6-ff46402d393f/elements[39m
[35m[HTTP][39m [90m{"using":"xpath","value":"//*[@class = 'android.widget.EditText' and (@text = 'password' or . = 'password') and @resource-id = '']"}[39m
[35m[HTTP][39m [37m<-- POST /wd/hub/session/eee228a3-ed1d-4dd1-acb6-ff46402d393f/elements [39m[32m200[39m [90m28 ms - 139[39m
[35m[HTTP][39m [90m[39m
[35m[HTTP][39m [37m-->[39m [37mGET[39m [37m/wd/hub/session/eee228a3-ed1d-4dd1-acb6-ff46402d393f/window/rect[39m
[35m[HTTP][39m [90m{}[39m
[35m[HTTP][39m [37m<-- GET /wd/hub/session/eee228a3-ed1d-4dd1-acb6-ff46402d393f/window/rect [39m[32m200[39m [90m8 ms - 50[39m
[35m[HTTP][39m [90m[39m
[35m[HTTP][39m [37m-->[39m [37mPOST[39m [37m/wd/hub/session/eee228a3-ed1d-4dd1-acb6-ff46402d393f/elements[39m
[35m[HTTP][39m [90m{"using":"xpath","value":"//*[@class = 'android.widget.EditText' and (@text = 'password' or . = 'password') and @resource-id = '']"}[39m
[35m[HTTP][39m [37m<-- POST /wd/hub/session/eee228a3-ed1d-4dd1-acb6-ff46402d393f/elements [39m[32m200[39m [90m55 ms - 139[39m
[35m[HTTP][39m [90m[39m
[35m[HTTP][39m [37m-->[39m [37mGET[39m [37m/wd/hub/session/eee228a3-ed1d-4dd1-acb6-ff46402d393f/element/00000000-0000-0022-0000-001800000003/location[39m
[35m[HTTP][39m [90m{}[39m
[35m[W3C (eee228a3)][39m Driver proxy active, passing request on via HTTP proxy
[35m[WD Proxy][39m Replacing sessionId f41051ae-b011-4d04-9064-f451085f8f70 with eee228a3-ed1d-4dd1-acb6-ff46402d393f
[35m[HTTP][39m [37m<-- GET /wd/hub/session/eee228a3-ed1d-4dd1-acb6-ff46402d393f/element/00000000-0000-0022-0000-001800000003/location [39m[32m200[39m [90m10 ms - 79[39m
[35m[HTTP][39m [90m[39m
[35m[HTTP][39m [37m-->[39m [37mPOST[39m [37m/wd/hub/session/eee228a3-ed1d-4dd1-acb6-ff46402d393f/element/00000000-0000-0022-0000-001800000003/clear[39m
[35m[HTTP][39m [90m{"id":"00000000-0000-0022-0000-001800000003"}[39m
[35m[HTTP][39m [37m<-- POST /wd/hub/session/eee228a3-ed1d-4dd1-acb6-ff46402d393f/element/00000000-0000-0022-0000-001800000003/clear [39m[32m200[39m [90m16 ms - 14[39m
[35m[HTTP][39m [90m[39m
[35m[HTTP][39m [37m-->[39m [37mPOST[39m [37m/wd/hub/session/eee228a3-ed1d-4dd1-acb6-ff46402d393f/element/00000000-0000-0022-0000-001800000003/value[39m
[35m[HTTP][39m [90m{"id":"00000000-0000-0022-0000-001800000003","text":"password","value":["p","a","s","s","w","o","r","d"]}[39m
[35m[HTTP][39m [37m<-- POST /wd/hub/session/eee228a3-ed1d-4dd1-acb6-ff46402d393f/element/00000000-0000-0022-0000-001800000003/value [39m[32m200[39m [90m16 ms - 14[39m
[35m[HTTP][39m [90m[39m
[35m[HTTP][39m [37m-->[39m [37mGET[39m [37m/wd/hub/session/eee228a3-ed1d-4dd1-acb6-ff46402d393f/source[39m
[35m[HTTP][39m [90m{}[39m
[35m[W3C (eee228a3)][39m Driver proxy active, passing request on via HTTP proxy
[35m[WD Proxy][39m Replacing sessionId f41051ae-b011-4d04-9064-f451085f8f70 with eee228a3-ed1d-4dd1-acb6-ff46402d393f
[35m[HTTP][39m [37m<-- GET /wd/hub/session/eee228a3-ed1d-4dd1-acb6-ff46402d393f/source [39m[32m200[39m [90m108 ms - 6265[39m
[35m[HTTP][39m [90m[39m
[35m[HTTP][39m [37m-->[39m [37mGET[39m [37m/wd/hub/session/eee228a3-ed1d-4dd1-acb6-ff46402d393f/screenshot[39m
[35m[HTTP][39m [90m{}[39m
[35m[HTTP][39m [37m<-- GET /wd/hub/session/eee228a3-ed1d-4dd1-acb6-ff46402d393f/screenshot [39m[32m200[39m [90m347 ms - 484216[39m
[35m[HTTP][39m [90m[39m
[35m[HTTP][39m [37m-->[39m [37mGET[39m [37m/wd/hub/session/eee228a3-ed1d-4dd1-acb6-ff46402d393f/context[39m
[35m[HTTP][39m [90m{}[39m
[35m[HTTP][39m [37m<-- GET /wd/hub/session/eee228a3-ed1d-4dd1-acb6-ff46402d393f/context [39m[32m200[39m [90m1 ms - 22[39m
[35m[HTTP][39m [90m[39m
[35m[HTTP][39m [37m-->[39m [37mGET[39m [37m/wd/hub/session/eee228a3-ed1d-4dd1-acb6-ff46402d393f/contexts[39m
[35m[HTTP][39m [90m{}[39m
[35m[HTTP][39m [37m<-- GET /wd/hub/session/eee228a3-ed1d-4dd1-acb6-ff46402d393f/contexts [39m[32m200[39m [90m33 ms - 24[39m
[35m[HTTP][39m [90m[39m
[35m[HTTP][39m [37m-->[39m [37mPOST[39m [37m/wd/hub/session/eee228a3-ed1d-4dd1-acb6-ff46402d393f/context[39m
[35m[HTTP][39m [90m{"name":"NATIVE_APP"}[39m
[35m[HTTP][39m [37m<-- POST /wd/hub/session/eee228a3-ed1d-4dd1-acb6-ff46402d393f/context [39m[32m200[39m [90m1 ms - 14[39m
[35m[HTTP][39m [90m[39m
[35m[HTTP][39m [37m-->[39m [37mPOST[39m [37m/wd/hub/session/eee228a3-ed1d-4dd1-acb6-ff46402d393f/appium/device/press_keycode[39m
[35m[HTTP][39m [90m{"keycode":4}[39m
[35m[HTTP][39m [37m<-- POST /wd/hub/session/eee228a3-ed1d-4dd1-acb6-ff46402d393f/appium/device/press_keycode [39m[32m200[39m [90m79 ms - 14[39m
[35m[HTTP][39m [90m[39m
[35m[HTTP][39m [37m-->[39m [37mPOST[39m [37m/wd/hub/session/eee228a3-ed1d-4dd1-acb6-ff46402d393f/context[39m
[35m[HTTP][39m [90m{"name":"NATIVE_APP"}[39m
[35m[HTTP][39m [37m<-- POST /wd/hub/session/eee228a3-ed1d-4dd1-acb6-ff46402d393f/context [39m[32m200[39m [90m2 ms - 14[39m
[35m[HTTP][39m [90m[39m
[35m[HTTP][39m [37m-->[39m [37mGET[39m [37m/wd/hub/session/eee228a3-ed1d-4dd1-acb6-ff46402d393f/source[39m
[35m[HTTP][39m [90m{}[39m
[35m[W3C (eee228a3)][39m Driver proxy active, passing request on via HTTP proxy
[35m[WD Proxy][39m Replacing sessionId f41051ae-b011-4d04-9064-f451085f8f70 with eee228a3-ed1d-4dd1-acb6-ff46402d393f
[35m[HTTP][39m [37m<-- GET /wd/hub/session/eee228a3-ed1d-4dd1-acb6-ff46402d393f/source [39m[32m200[39m [90m789 ms - 9600[39m
[35m[HTTP][39m [90m[39m
[35m[HTTP][39m [37m-->[39m [37mGET[39m [37m/wd/hub/session/eee228a3-ed1d-4dd1-acb6-ff46402d393f/screenshot[39m
[35m[HTTP][39m [90m{}[39m
[35m[HTTP][39m [37m<-- GET /wd/hub/session/eee228a3-ed1d-4dd1-acb6-ff46402d393f/screenshot [39m[32m200[39m [90m436 ms - 621632[39m
[35m[HTTP][39m [90m[39m
[35m[HTTP][39m [37m-->[39m [37mPOST[39m [37m/wd/hub/session/eee228a3-ed1d-4dd1-acb6-ff46402d393f/elements[39m
[35m[HTTP][39m [90m{"using":"xpath","value":"//*[@class = 'android.widget.Button' and @resource-id = '' and (@text = '' or . = '')]"}[39m
[35m[HTTP][39m [37m<-- POST /wd/hub/session/eee228a3-ed1d-4dd1-acb6-ff46402d393f/elements [39m[32m200[39m [90m35 ms - 651[39m
[35m[HTTP][39m [90m[39m
[35m[HTTP][39m [37m-->[39m [37mPOST[39m [37m/wd/hub/session/eee228a3-ed1d-4dd1-acb6-ff46402d393f/elements[39m
[35m[HTTP][39m [90m{"using":"accessibility id","value":"Masuk"}[39m
[35m[HTTP][39m [37m<-- POST /wd/hub/session/eee228a3-ed1d-4dd1-acb6-ff46402d393f/elements [39m[32m200[39m [90m12 ms - 139[39m
[35m[HTTP][39m [90m[39m
[35m[HTTP][39m [37m-->[39m [37mGET[39m [37m/wd/hub/session/eee228a3-ed1d-4dd1-acb6-ff46402d393f/window/rect[39m
[35m[HTTP][39m [90m{}[39m
[35m[HTTP][39m [37m<-- GET /wd/hub/session/eee228a3-ed1d-4dd1-acb6-ff46402d393f/window/rect [39m[32m200[39m [90m5 ms - 50[39m
[35m[HTTP][39m [90m[39m
[35m[HTTP][39m [37m-->[39m [37mPOST[39m [37m/wd/hub/session/eee228a3-ed1d-4dd1-acb6-ff46402d393f/elements[39m
[35m[HTTP][39m [90m{"using":"accessibility id","value":"Masuk"}[39m
[35m[HTTP][39m [37m<-- POST /wd/hub/session/eee228a3-ed1d-4dd1-acb6-ff46402d393f/elements [39m[32m200[39m [90m13 ms - 139[39m
[35m[HTTP][39m [90m[39m
[35m[HTTP][39m [37m-->[39m [37mGET[39m [37m/wd/hub/session/eee228a3-ed1d-4dd1-acb6-ff46402d393f/element/00000000-0000-0022-0000-001b00000003/location[39m
[35m[HTTP][39m [90m{}[39m
[35m[W3C (eee228a3)][39m Driver proxy active, passing request on via HTTP proxy
[35m[WD Proxy][39m Replacing sessionId f41051ae-b011-4d04-9064-f451085f8f70 with eee228a3-ed1d-4dd1-acb6-ff46402d393f
[35m[HTTP][39m [37m<-- GET /wd/hub/session/eee228a3-ed1d-4dd1-acb6-ff46402d393f/element/00000000-0000-0022-0000-001b00000003/location [39m[32m200[39m [90m10 ms - 79[39m
[35m[HTTP][39m [90m[39m
[35m[HTTP][39m [37m-->[39m [37mPOST[39m [37m/wd/hub/session/eee228a3-ed1d-4dd1-acb6-ff46402d393f/element/00000000-0000-0022-0000-001b00000003/click[39m
[35m[HTTP][39m [90m{"id":"00000000-0000-0022-0000-001b00000003"}[39m
[35m[HTTP][39m [37m<-- POST /wd/hub/session/eee228a3-ed1d-4dd1-acb6-ff46402d393f/element/00000000-0000-0022-0000-001b00000003/click [39m[32m200[39m [90m586 ms - 14[39m
[35m[HTTP][39m [90m[39m
[35m[HTTP][39m [37m-->[39m [37mGET[39m [37m/wd/hub/session/eee228a3-ed1d-4dd1-acb6-ff46402d393f/source[39m
[35m[HTTP][39m [90m{}[39m
[35m[W3C (eee228a3)][39m Driver proxy active, passing request on via HTTP proxy
[35m[WD Proxy][39m Replacing sessionId f41051ae-b011-4d04-9064-f451085f8f70 with eee228a3-ed1d-4dd1-acb6-ff46402d393f
[35m[HTTP][39m [37m<-- GET /wd/hub/session/eee228a3-ed1d-4dd1-acb6-ff46402d393f/source [39m[32m200[39m [90m21 ms - 5353[39m
[35m[HTTP][39m [90m[39m
[35m[HTTP][39m [37m-->[39m [37mGET[39m [37m/wd/hub/session/eee228a3-ed1d-4dd1-acb6-ff46402d393f/screenshot[39m
[35m[HTTP][39m [90m{}[39m
[35m[HTTP][39m [37m<-- GET /wd/hub/session/eee228a3-ed1d-4dd1-acb6-ff46402d393f/screenshot [39m[32m200[39m [90m392 ms - 490940[39m
[35m[HTTP][39m [90m[39m
[35m[HTTP][39m [37m-->[39m [37mDELETE[39m [37m/wd/hub/session/eee228a3-ed1d-4dd1-acb6-ff46402d393f[39m
[35m[HTTP][39m [90m{}[39m
[35m[Appium][39m Removing session eee228a3-ed1d-4dd1-acb6-ff46402d393f from our master session list
[35m[UiAutomator2][39m Restoring hidden api policy to the device default configuration
[35m[HTTP][39m [37m<-- DELETE /wd/hub/session/eee228a3-ed1d-4dd1-acb6-ff46402d393f [39m[32m200[39m [90m298 ms - 14[39m
[35m[HTTP][39m [90m[39m
